C:\Users\amana\AppData\Local\Programs\Python\Python311\Lib\site-packages\letta\cli\cli.py:32: FastAPIDeprecationWarning: ORJSONResponse is deprecated, FastAPI now serializes data directly to JSON bytes via Pydantic when a return type or response model is set, which is faster and doesn't need a custom response class. Read more in the FastAPI docs: https://fastapi.tiangolo.com/advanced/custom-response/#orjson-or-response-model and https://fastapi.tiangolo.com/tutorial/response-model/
  from letta.server.rest_api.app import start_server
Letta.letta.schemas.secret - WARNING - No encryption key configured. Storing Secret value as plaintext in _enc column. Set LETTA_ENCRYPTION_KEY environment variable to enable encryption.

[[ Letta server // v0.16.6 ]]
Letta.letta.server.global_exception_handler - INFO - Global exception handlers initialized
C:\Users\amana\AppData\Local\Programs\Python\Python311\Lib\site-packages\pydantic\_internal\_generate_schema.py:319: PydanticDeprecatedSince20: `json_encoders` is deprecated. See https://docs.pydantic.dev/2.12/concepts/serialization/#custom-serializers for alternatives. Deprecated in Pydantic V2.0 to be removed in V3.0. See Pydantic V2 Migration Guide at https://errors.pydantic.dev/2.12/migration/
  warnings.warn(
C:\Users\amana\AppData\Local\Programs\Python\Python311\Lib\site-packages\pydantic\_internal\_generate_schema.py:319: PydanticDeprecatedSince20: `json_encoders` is deprecated. See https://docs.pydantic.dev/2.12/concepts/serialization/#custom-serializers for alternatives. Deprecated in Pydantic V2.0 to be removed in V3.0. See Pydantic V2 Migration Guide at https://errors.pydantic.dev/2.12/migration/
  warnings.warn(
C:\Users\amana\AppData\Local\Programs\Python\Python311\Lib\site-packages\pydantic\_internal\_generate_schema.py:319: PydanticDeprecatedSince20: `json_encoders` is deprecated. See https://docs.pydantic.dev/2.12/concepts/serialization/#custom-serializers for alternatives. Deprecated in Pydantic V2.0 to be removed in V3.0. See Pydantic V2 Migration Guide at https://errors.pydantic.dev/2.12/migration/
  warnings.warn(
C:\Users\amana\AppData\Local\Programs\Python\Python311\Lib\site-packages\pydantic\_internal\_generate_schema.py:319: PydanticDeprecatedSince20: `json_encoders` is deprecated. See https://docs.pydantic.dev/2.12/concepts/serialization/#custom-serializers for alternatives. Deprecated in Pydantic V2.0 to be removed in V3.0. See Pydantic V2 Migration Guide at https://errors.pydantic.dev/2.12/migration/
  warnings.warn(
C:\Users\amana\AppData\Local\Programs\Python\Python311\Lib\site-packages\fastapi\openapi\utils.py:252: UserWarning: Duplicate Operation ID retrieve_metrics_for_run for function retrieve_metrics_for_run at C:\Users\amana\AppData\Local\Programs\Python\Python311\Lib\site-packages\letta\server\rest_api\routers\v1\runs.py
  warnings.warn(message, stacklevel=1)
C:\Users\amana\AppData\Local\Programs\Python\Python311\Lib\site-packages\fastapi\openapi\utils.py:252: UserWarning: Duplicate Operation ID create_chat_completion for function create_chat_completion at C:\Users\amana\AppData\Local\Programs\Python\Python311\Lib\site-packages\letta\server\rest_api\routers\v1\chat_completions.py
  warnings.warn(message, stacklevel=1)
Server running at: http://localhost:8283
View using ADE at: https://app.letta.com/development-servers/local/dashboard

C:\Users\amana\AppData\Local\Programs\Python\Python311\Lib\site-packages\websockets\legacy\__init__.py:6: DeprecationWarning: websockets.legacy is deprecated; see https://websockets.readthedocs.io/en/stable/howto/upgrade.html for upgrade instructions
  warnings.warn(  # deprecated in 14.0 - 2024-11-09
C:\Users\amana\AppData\Local\Programs\Python\Python311\Lib\site-packages\uvicorn\protocols\websockets\websockets_impl.py:17: DeprecationWarning: websockets.server.WebSocketServerProtocol is deprecated
  from websockets.server import WebSocketServerProtocol
INFO:     Started server process [18264]
INFO:     Waiting for application startup.
Letta.letta.monitoring.event_loop_watchdog - INFO - Event loop watchdog started - monitoring thread running, heartbeat every 1s, checks every 5.0s, hang threshold: 15.0s
Letta.letta.server.rest_api.app - INFO - [Worker 18264] Event loop watchdog started
Letta.letta.server.rest_api.app - INFO - [Worker 18264] Checking NLTK data availability...
Letta.letta.server.rest_api.app - INFO - [Worker 18264] NLTK data ready
Letta.letta.server.db - WARNING - Database connection error (attempt 1/3): [WinError 1225] The remote computer refused the network connection. Retrying in 0.1s...
Letta.letta.server.rest_api.app - WARNING - [Worker 18264] Failed to query statement_timeout: generator didn't stop after athrow()
Letta.letta.server.rest_api.app - INFO - [Worker 18264] Disabled pinecone
Letta.letta.server.rest_api.app - INFO - [Worker 18264] Starting scheduler with leader election
Letta.letta.server.db - WARNING - Database connection error (attempt 1/3): [WinError 1225] The remote computer refused the network connection. Retrying in 0.1s...
ERROR:    Traceback (most recent call last):
  File "C:\Users\amana\AppData\Local\Programs\Python\Python311\Lib\site-packages\letta\server\db.py", line 91, in async_session
    yield session
  File "C:\Users\amana\AppData\Local\Programs\Python\Python311\Lib\site-packages\letta\services\organization_manager.py", line 26, in get_organization_by_id_async
    organization = await OrganizationModel.read_async(db_session=session, identifier=org_id)
                   ^^^^^^^^^^^^^^^^^^^^^^^^^^^^^^^^^^^^^^^^^^^^^^^^^^^^^^^^^^^^^^^^^^^^^^^^^
  File "C:\Users\amana\AppData\Local\Programs\Python\Python311\Lib\site-packages\letta\orm\sqlalchemy_base.py", line 84, in async_wrapper
    return await func(*args, **kwargs)
           ^^^^^^^^^^^^^^^^^^^^^^^^^^^
  File "C:\Users\amana\AppData\Local\Programs\Python\Python311\Lib\site-packages\letta\orm\sqlalchemy_base.py", line 444, in read_async
    result = await db_session.execute(query)
             ^^^^^^^^^^^^^^^^^^^^^^^^^^^^^^^
  File "C:\Users\amana\AppData\Local\Programs\Python\Python311\Lib\site-packages\sqlalchemy\ext\asyncio\session.py", line 449, in execute
    result = await greenlet_spawn(
             ^^^^^^^^^^^^^^^^^^^^^
  File "C:\Users\amana\AppData\Local\Programs\Python\Python311\Lib\site-packages\sqlalchemy\util\_concurrency_py3k.py", line 201, in greenlet_spawn
    result = context.throw(*sys.exc_info())
             ^^^^^^^^^^^^^^^^^^^^^^^^^^^^^^
  File "C:\Users\amana\AppData\Local\Programs\Python\Python311\Lib\site-packages\sqlalchemy\orm\session.py", line 2351, in execute
    return self._execute_internal(
           ^^^^^^^^^^^^^^^^^^^^^^^
  File "C:\Users\amana\AppData\Local\Programs\Python\Python311\Lib\site-packages\sqlalchemy\orm\session.py", line 2239, in _execute_internal
    conn = self._connection_for_bind(bind)
           ^^^^^^^^^^^^^^^^^^^^^^^^^^^^^^^
  File "C:\Users\amana\AppData\Local\Programs\Python\Python311\Lib\site-packages\sqlalchemy\orm\session.py", line 2108, in _connection_for_bind
    return trans._connection_for_bind(engine, execution_options)
           ^^^^^^^^^^^^^^^^^^^^^^^^^^^^^^^^^^^^^^^^^^^^^^^^^^^^^
  File "<string>", line 2, in _connection_for_bind
  File "C:\Users\amana\AppData\Local\Programs\Python\Python311\Lib\site-packages\sqlalchemy\orm\state_changes.py", line 137, in _go
    ret_value = fn(self, *arg, **kw)
                ^^^^^^^^^^^^^^^^^^^^
  File "C:\Users\amana\AppData\Local\Programs\Python\Python311\Lib\site-packages\sqlalchemy\orm\session.py", line 1187, in _connection_for_bind
    conn = bind.connect()
           ^^^^^^^^^^^^^^
  File "C:\Users\amana\AppData\Local\Programs\Python\Python311\Lib\site-packages\sqlalchemy\engine\base.py", line 3293, in connect
    return self._connection_cls(self)
           ^^^^^^^^^^^^^^^^^^^^^^^^^^
  File "C:\Users\amana\AppData\Local\Programs\Python\Python311\Lib\site-packages\sqlalchemy\engine\base.py", line 143, in __init__
    self._dbapi_connection = engine.raw_connection()
                             ^^^^^^^^^^^^^^^^^^^^^^^
  File "C:\Users\amana\AppData\Local\Programs\Python\Python311\Lib\site-packages\sqlalchemy\engine\base.py", line 3317, in raw_connection
    return self.pool.connect()
           ^^^^^^^^^^^^^^^^^^^
  File "C:\Users\amana\AppData\Local\Programs\Python\Python311\Lib\site-packages\sqlalchemy\pool\base.py", line 448, in connect
    return _ConnectionFairy._checkout(self)
           ^^^^^^^^^^^^^^^^^^^^^^^^^^^^^^^^
  File "C:\Users\amana\AppData\Local\Programs\Python\Python311\Lib\site-packages\sqlalchemy\pool\base.py", line 1272, in _checkout
    fairy = _ConnectionRecord.checkout(pool)
            ^^^^^^^^^^^^^^^^^^^^^^^^^^^^^^^^
  File "C:\Users\amana\AppData\Local\Programs\Python\Python311\Lib\site-packages\sqlalchemy\pool\base.py", line 712, in checkout
    rec = pool._do_get()
          ^^^^^^^^^^^^^^
  File "C:\Users\amana\AppData\Local\Programs\Python\Python311\Lib\site-packages\sqlalchemy\pool\impl.py", line 306, in _do_get
    return self._create_connection()
           ^^^^^^^^^^^^^^^^^^^^^^^^^
  File "C:\Users\amana\AppData\Local\Programs\Python\Python311\Lib\site-packages\sqlalchemy\pool\base.py", line 389, in _create_connection
    return _ConnectionRecord(self)
           ^^^^^^^^^^^^^^^^^^^^^^^
  File "C:\Users\amana\AppData\Local\Programs\Python\Python311\Lib\site-packages\sqlalchemy\pool\base.py", line 674, in __init__
    self.__connect()
  File "C:\Users\amana\AppData\Local\Programs\Python\Python311\Lib\site-packages\sqlalchemy\pool\base.py", line 900, in __connect
    with util.safe_reraise():
  File "C:\Users\amana\AppData\Local\Programs\Python\Python311\Lib\site-packages\sqlalchemy\util\langhelpers.py", line 121, in __exit__
    raise exc_value.with_traceback(exc_tb)
  File "C:\Users\amana\AppData\Local\Programs\Python\Python311\Lib\site-packages\sqlalchemy\pool\base.py", line 896, in __connect
    self.dbapi_connection = connection = pool._invoke_creator(self)
                                         ^^^^^^^^^^^^^^^^^^^^^^^^^^
  File "C:\Users\amana\AppData\Local\Programs\Python\Python311\Lib\site-packages\sqlalchemy\engine\create.py", line 667, in connect
    return dialect.connect(*cargs_tup, **cparams)
           ^^^^^^^^^^^^^^^^^^^^^^^^^^^^^^^^^^^^^^
  File "C:\Users\amana\AppData\Local\Programs\Python\Python311\Lib\site-packages\sqlalchemy\engine\default.py", line 630, in connect
    return self.loaded_dbapi.connect(*cargs, **cparams)  # type: ignore[no-any-return]  # NOQA: E501
           ^^^^^^^^^^^^^^^^^^^^^^^^^^^^^^^^^^^^^^^^^^^^
  File "C:\Users\amana\AppData\Local\Programs\Python\Python311\Lib\site-packages\sqlalchemy\dialects\postgresql\asyncpg.py", line 955, in connect
    await_only(creator_fn(*arg, **kw)),
    ^^^^^^^^^^^^^^^^^^^^^^^^^^^^^^^^^^
  File "C:\Users\amana\AppData\Local\Programs\Python\Python311\Lib\site-packages\sqlalchemy\util\_concurrency_py3k.py", line 132, in await_only
    return current.parent.switch(awaitable)  # type: ignore[no-any-return,attr-defined] # noqa: E501
           ^^^^^^^^^^^^^^^^^^^^^^^^^^^^^^^^
  File "C:\Users\amana\AppData\Local\Programs\Python\Python311\Lib\site-packages\sqlalchemy\util\_concurrency_py3k.py", line 196, in greenlet_spawn
    value = await result
            ^^^^^^^^^^^^
  File "C:\Users\amana\AppData\Local\Programs\Python\Python311\Lib\site-packages\asyncpg\connection.py", line 2443, in connect
    return await connect_utils._connect(
           ^^^^^^^^^^^^^^^^^^^^^^^^^^^^^
  File "C:\Users\amana\AppData\Local\Programs\Python\Python311\Lib\site-packages\asyncpg\connect_utils.py", line 1249, in _connect
    raise last_error or exceptions.TargetServerAttributeNotMatched(
  File "C:\Users\amana\AppData\Local\Programs\Python\Python311\Lib\site-packages\asyncpg\connect_utils.py", line 1218, in _connect
    conn = await _connect_addr(
           ^^^^^^^^^^^^^^^^^^^^
  File "C:\Users\amana\AppData\Local\Programs\Python\Python311\Lib\site-packages\asyncpg\connect_utils.py", line 1054, in _connect_addr
    return await __connect_addr(params, True, *args)
           ^^^^^^^^^^^^^^^^^^^^^^^^^^^^^^^^^^^^^^^^^
  File "C:\Users\amana\AppData\Local\Programs\Python\Python311\Lib\site-packages\asyncpg\connect_utils.py", line 1099, in __connect_addr
    tr, pr = await connector
             ^^^^^^^^^^^^^^^
  File "C:\Users\amana\AppData\Local\Programs\Python\Python311\Lib\site-packages\asyncpg\connect_utils.py", line 969, in _create_ssl_connection
    tr, pr = await loop.create_connection(
             ^^^^^^^^^^^^^^^^^^^^^^^^^^^^^
  File "C:\Users\amana\AppData\Local\Programs\Python\Python311\Lib\asyncio\base_events.py", line 1091, in create_connection
    raise exceptions[0]
  File "C:\Users\amana\AppData\Local\Programs\Python\Python311\Lib\asyncio\base_events.py", line 1070, in create_connection
    sock = await self._connect_sock(
           ^^^^^^^^^^^^^^^^^^^^^^^^^
  File "C:\Users\amana\AppData\Local\Programs\Python\Python311\Lib\asyncio\base_events.py", line 974, in _connect_sock
    await self.sock_connect(sock, address)
  File "C:\Users\amana\AppData\Local\Programs\Python\Python311\Lib\asyncio\proactor_events.py", line 726, in sock_connect
    return await self._proactor.connect(sock, address)
           ^^^^^^^^^^^^^^^^^^^^^^^^^^^^^^^^^^^^^^^^^^^
  File "C:\Users\amana\AppData\Local\Programs\Python\Python311\Lib\asyncio\windows_events.py", line 854, in _poll
    value = callback(transferred, key, ov)
            ^^^^^^^^^^^^^^^^^^^^^^^^^^^^^^
  File "C:\Users\amana\AppData\Local\Programs\Python\Python311\Lib\asyncio\windows_events.py", line 641, in finish_connect
    ov.getresult()
ConnectionRefusedError: [WinError 1225] The remote computer refused the network connection

During handling of the above exception, another exception occurred:

Traceback (most recent call last):
  File "C:\Users\amana\AppData\Local\Programs\Python\Python311\Lib\site-packages\starlette\routing.py", line 638, in lifespan
    async with self.lifespan_context(app) as maybe_state:
  File "C:\Users\amana\AppData\Local\Programs\Python\Python311\Lib\contextlib.py", line 210, in __aenter__
    return await anext(self.gen)
           ^^^^^^^^^^^^^^^^^^^^^
  File "C:\Users\amana\AppData\Local\Programs\Python\Python311\Lib\site-packages\fastapi\routing.py", line 216, in merged_lifespan
    async with original_context(app) as maybe_original_state:
  File "C:\Users\amana\AppData\Local\Programs\Python\Python311\Lib\contextlib.py", line 210, in __aenter__
    return await anext(self.gen)
           ^^^^^^^^^^^^^^^^^^^^^
  File "C:\Users\amana\AppData\Local\Programs\Python\Python311\Lib\site-packages\fastapi\routing.py", line 216, in merged_lifespan
    async with original_context(app) as maybe_original_state:
  File "C:\Users\amana\AppData\Local\Programs\Python\Python311\Lib\contextlib.py", line 210, in __aenter__
    return await anext(self.gen)
           ^^^^^^^^^^^^^^^^^^^^^
  File "C:\Users\amana\AppData\Local\Programs\Python\Python311\Lib\site-packages\fastapi\routing.py", line 216, in merged_lifespan
    async with original_context(app) as maybe_original_state:
  File "C:\Users\amana\AppData\Local\Programs\Python\Python311\Lib\contextlib.py", line 210, in __aenter__
    return await anext(self.gen)
           ^^^^^^^^^^^^^^^^^^^^^
  File "C:\Users\amana\AppData\Local\Programs\Python\Python311\Lib\site-packages\fastapi\routing.py", line 216, in merged_lifespan
    async with original_context(app) as maybe_original_state:
  File "C:\Users\amana\AppData\Local\Programs\Python\Python311\Lib\contextlib.py", line 210, in __aenter__
    return await anext(self.gen)
           ^^^^^^^^^^^^^^^^^^^^^
  File "C:\Users\amana\AppData\Local\Programs\Python\Python311\Lib\site-packages\fastapi\routing.py", line 216, in merged_lifespan
    async with original_context(app) as maybe_original_state:
  File "C:\Users\amana\AppData\Local\Programs\Python\Python311\Lib\contextlib.py", line 210, in __aenter__
    return await anext(self.gen)
           ^^^^^^^^^^^^^^^^^^^^^
  File "C:\Users\amana\AppData\Local\Programs\Python\Python311\Lib\site-packages\fastapi\routing.py", line 216, in merged_lifespan
    async with original_context(app) as maybe_original_state:
  File "C:\Users\amana\AppData\Local\Programs\Python\Python311\Lib\contextlib.py", line 210, in __aenter__
    return await anext(self.gen)
           ^^^^^^^^^^^^^^^^^^^^^
  File "C:\Users\amana\AppData\Local\Programs\Python\Python311\Lib\site-packages\fastapi\routing.py", line 216, in merged_lifespan
    async with original_context(app) as maybe_original_state:
  File "C:\Users\amana\AppData\Local\Programs\Python\Python311\Lib\contextlib.py", line 210, in __aenter__
    return await anext(self.gen)
           ^^^^^^^^^^^^^^^^^^^^^
  File "C:\Users\amana\AppData\Local\Programs\Python\Python311\Lib\site-packages\fastapi\routing.py", line 216, in merged_lifespan
    async with original_context(app) as maybe_original_state:
  File "C:\Users\amana\AppData\Local\Programs\Python\Python311\Lib\contextlib.py", line 210, in __aenter__
    return await anext(self.gen)
           ^^^^^^^^^^^^^^^^^^^^^
  File "C:\Users\amana\AppData\Local\Programs\Python\Python311\Lib\site-packages\fastapi\routing.py", line 216, in merged_lifespan
    async with original_context(app) as maybe_original_state:
  File "C:\Users\amana\AppData\Local\Programs\Python\Python311\Lib\contextlib.py", line 210, in __aenter__
    return await anext(self.gen)
           ^^^^^^^^^^^^^^^^^^^^^
  File "C:\Users\amana\AppData\Local\Programs\Python\Python311\Lib\site-packages\fastapi\routing.py", line 216, in merged_lifespan
    async with original_context(app) as maybe_original_state:
  File "C:\Users\amana\AppData\Local\Programs\Python\Python311\Lib\contextlib.py", line 210, in __aenter__
    return await anext(self.gen)
           ^^^^^^^^^^^^^^^^^^^^^
  File "C:\Users\amana\AppData\Local\Programs\Python\Python311\Lib\site-packages\fastapi\routing.py", line 216, in merged_lifespan
    async with original_context(app) as maybe_original_state:
  File "C:\Users\amana\AppData\Local\Programs\Python\Python311\Lib\contextlib.py", line 210, in __aenter__
    return await anext(self.gen)
           ^^^^^^^^^^^^^^^^^^^^^
  File "C:\Users\amana\AppData\Local\Programs\Python\Python311\Lib\site-packages\fastapi\routing.py", line 216, in merged_lifespan
    async with original_context(app) as maybe_original_state:
  File "C:\Users\amana\AppData\Local\Programs\Python\Python311\Lib\contextlib.py", line 210, in __aenter__
    return await anext(self.gen)
           ^^^^^^^^^^^^^^^^^^^^^
  File "C:\Users\amana\AppData\Local\Programs\Python\Python311\Lib\site-packages\fastapi\routing.py", line 216, in merged_lifespan
    async with original_context(app) as maybe_original_state:
  File "C:\Users\amana\AppData\Local\Programs\Python\Python311\Lib\contextlib.py", line 210, in __aenter__
    return await anext(self.gen)
           ^^^^^^^^^^^^^^^^^^^^^
  File "C:\Users\amana\AppData\Local\Programs\Python\Python311\Lib\site-packages\fastapi\routing.py", line 216, in merged_lifespan
    async with original_context(app) as maybe_original_state:
  File "C:\Users\amana\AppData\Local\Programs\Python\Python311\Lib\contextlib.py", line 210, in __aenter__
    return await anext(self.gen)
           ^^^^^^^^^^^^^^^^^^^^^
  File "C:\Users\amana\AppData\Local\Programs\Python\Python311\Lib\site-packages\fastapi\routing.py", line 216, in merged_lifespan
    async with original_context(app) as maybe_original_state:
  File "C:\Users\amana\AppData\Local\Programs\Python\Python311\Lib\contextlib.py", line 210, in __aenter__
    return await anext(self.gen)
           ^^^^^^^^^^^^^^^^^^^^^
  File "C:\Users\amana\AppData\Local\Programs\Python\Python311\Lib\site-packages\fastapi\routing.py", line 216, in merged_lifespan
    async with original_context(app) as maybe_original_state:
  File "C:\Users\amana\AppData\Local\Programs\Python\Python311\Lib\contextlib.py", line 210, in __aenter__
    return await anext(self.gen)
           ^^^^^^^^^^^^^^^^^^^^^
  File "C:\Users\amana\AppData\Local\Programs\Python\Python311\Lib\site-packages\fastapi\routing.py", line 216, in merged_lifespan
    async with original_context(app) as maybe_original_state:
  File "C:\Users\amana\AppData\Local\Programs\Python\Python311\Lib\contextlib.py", line 210, in __aenter__
    return await anext(self.gen)
           ^^^^^^^^^^^^^^^^^^^^^
  File "C:\Users\amana\AppData\Local\Programs\Python\Python311\Lib\site-packages\fastapi\routing.py", line 216, in merged_lifespan
    async with original_context(app) as maybe_original_state:
  File "C:\Users\amana\AppData\Local\Programs\Python\Python311\Lib\contextlib.py", line 210, in __aenter__
    return await anext(self.gen)
           ^^^^^^^^^^^^^^^^^^^^^
  File "C:\Users\amana\AppData\Local\Programs\Python\Python311\Lib\site-packages\fastapi\routing.py", line 216, in merged_lifespan
    async with original_context(app) as maybe_original_state:
  File "C:\Users\amana\AppData\Local\Programs\Python\Python311\Lib\contextlib.py", line 210, in __aenter__
    return await anext(self.gen)
           ^^^^^^^^^^^^^^^^^^^^^
  File "C:\Users\amana\AppData\Local\Programs\Python\Python311\Lib\site-packages\fastapi\routing.py", line 216, in merged_lifespan
    async with original_context(app) as maybe_original_state:
  File "C:\Users\amana\AppData\Local\Programs\Python\Python311\Lib\contextlib.py", line 210, in __aenter__
    return await anext(self.gen)
           ^^^^^^^^^^^^^^^^^^^^^
  File "C:\Users\amana\AppData\Local\Programs\Python\Python311\Lib\site-packages\fastapi\routing.py", line 216, in merged_lifespan
    async with original_context(app) as maybe_original_state:
  File "C:\Users\amana\AppData\Local\Programs\Python\Python311\Lib\contextlib.py", line 210, in __aenter__
    return await anext(self.gen)
           ^^^^^^^^^^^^^^^^^^^^^
  File "C:\Users\amana\AppData\Local\Programs\Python\Python311\Lib\site-packages\fastapi\routing.py", line 216, in merged_lifespan
    async with original_context(app) as maybe_original_state:
  File "C:\Users\amana\AppData\Local\Programs\Python\Python311\Lib\contextlib.py", line 210, in __aenter__
    return await anext(self.gen)
           ^^^^^^^^^^^^^^^^^^^^^
  File "C:\Users\amana\AppData\Local\Programs\Python\Python311\Lib\site-packages\fastapi\routing.py", line 216, in merged_lifespan
    async with original_context(app) as maybe_original_state:
  File "C:\Users\amana\AppData\Local\Programs\Python\Python311\Lib\contextlib.py", line 210, in __aenter__
    return await anext(self.gen)
           ^^^^^^^^^^^^^^^^^^^^^
  File "C:\Users\amana\AppData\Local\Programs\Python\Python311\Lib\site-packages\fastapi\routing.py", line 216, in merged_lifespan
    async with original_context(app) as maybe_original_state:
  File "C:\Users\amana\AppData\Local\Programs\Python\Python311\Lib\contextlib.py", line 210, in __aenter__
    return await anext(self.gen)
           ^^^^^^^^^^^^^^^^^^^^^
  File "C:\Users\amana\AppData\Local\Programs\Python\Python311\Lib\site-packages\fastapi\routing.py", line 216, in merged_lifespan
    async with original_context(app) as maybe_original_state:
  File "C:\Users\amana\AppData\Local\Programs\Python\Python311\Lib\contextlib.py", line 210, in __aenter__
    return await anext(self.gen)
           ^^^^^^^^^^^^^^^^^^^^^
  File "C:\Users\amana\AppData\Local\Programs\Python\Python311\Lib\site-packages\fastapi\routing.py", line 216, in merged_lifespan
    async with original_context(app) as maybe_original_state:
  File "C:\Users\amana\AppData\Local\Programs\Python\Python311\Lib\contextlib.py", line 210, in __aenter__
    return await anext(self.gen)
           ^^^^^^^^^^^^^^^^^^^^^
  File "C:\Users\amana\AppData\Local\Programs\Python\Python311\Lib\site-packages\fastapi\routing.py", line 216, in merged_lifespan
    async with original_context(app) as maybe_original_state:
  File "C:\Users\amana\AppData\Local\Programs\Python\Python311\Lib\contextlib.py", line 210, in __aenter__
    return await anext(self.gen)
           ^^^^^^^^^^^^^^^^^^^^^
  File "C:\Users\amana\AppData\Local\Programs\Python\Python311\Lib\site-packages\fastapi\routing.py", line 216, in merged_lifespan
    async with original_context(app) as maybe_original_state:
  File "C:\Users\amana\AppData\Local\Programs\Python\Python311\Lib\contextlib.py", line 210, in __aenter__
    return await anext(self.gen)
           ^^^^^^^^^^^^^^^^^^^^^
  File "C:\Users\amana\AppData\Local\Programs\Python\Python311\Lib\site-packages\fastapi\routing.py", line 216, in merged_lifespan
    async with original_context(app) as maybe_original_state:
  File "C:\Users\amana\AppData\Local\Programs\Python\Python311\Lib\contextlib.py", line 210, in __aenter__
    return await anext(self.gen)
           ^^^^^^^^^^^^^^^^^^^^^
  File "C:\Users\amana\AppData\Local\Programs\Python\Python311\Lib\site-packages\fastapi\routing.py", line 216, in merged_lifespan
    async with original_context(app) as maybe_original_state:
  File "C:\Users\amana\AppData\Local\Programs\Python\Python311\Lib\contextlib.py", line 210, in __aenter__
    return await anext(self.gen)
           ^^^^^^^^^^^^^^^^^^^^^
  File "C:\Users\amana\AppData\Local\Programs\Python\Python311\Lib\site-packages\fastapi\routing.py", line 216, in merged_lifespan
    async with original_context(app) as maybe_original_state:
  File "C:\Users\amana\AppData\Local\Programs\Python\Python311\Lib\contextlib.py", line 210, in __aenter__
    return await anext(self.gen)
           ^^^^^^^^^^^^^^^^^^^^^
  File "C:\Users\amana\AppData\Local\Programs\Python\Python311\Lib\site-packages\fastapi\routing.py", line 216, in merged_lifespan
    async with original_context(app) as maybe_original_state:
  File "C:\Users\amana\AppData\Local\Programs\Python\Python311\Lib\contextlib.py", line 210, in __aenter__
    return await anext(self.gen)
           ^^^^^^^^^^^^^^^^^^^^^
  File "C:\Users\amana\AppData\Local\Programs\Python\Python311\Lib\site-packages\fastapi\routing.py", line 216, in merged_lifespan
    async with original_context(app) as maybe_original_state:
  File "C:\Users\amana\AppData\Local\Programs\Python\Python311\Lib\contextlib.py", line 210, in __aenter__
    return await anext(self.gen)
           ^^^^^^^^^^^^^^^^^^^^^
  File "C:\Users\amana\AppData\Local\Programs\Python\Python311\Lib\site-packages\fastapi\routing.py", line 216, in merged_lifespan
    async with original_context(app) as maybe_original_state:
  File "C:\Users\amana\AppData\Local\Programs\Python\Python311\Lib\contextlib.py", line 210, in __aenter__
    return await anext(self.gen)
           ^^^^^^^^^^^^^^^^^^^^^
  File "C:\Users\amana\AppData\Local\Programs\Python\Python311\Lib\site-packages\fastapi\routing.py", line 216, in merged_lifespan
    async with original_context(app) as maybe_original_state:
  File "C:\Users\amana\AppData\Local\Programs\Python\Python311\Lib\contextlib.py", line 210, in __aenter__
    return await anext(self.gen)
           ^^^^^^^^^^^^^^^^^^^^^
  File "C:\Users\amana\AppData\Local\Programs\Python\Python311\Lib\site-packages\fastapi\routing.py", line 216, in merged_lifespan
    async with original_context(app) as maybe_original_state:
  File "C:\Users\amana\AppData\Local\Programs\Python\Python311\Lib\contextlib.py", line 210, in __aenter__
    return await anext(self.gen)
           ^^^^^^^^^^^^^^^^^^^^^
  File "C:\Users\amana\AppData\Local\Programs\Python\Python311\Lib\site-packages\fastapi\routing.py", line 216, in merged_lifespan
    async with original_context(app) as maybe_original_state:
  File "C:\Users\amana\AppData\Local\Programs\Python\Python311\Lib\contextlib.py", line 210, in __aenter__
    return await anext(self.gen)
           ^^^^^^^^^^^^^^^^^^^^^
  File "C:\Users\amana\AppData\Local\Programs\Python\Python311\Lib\site-packages\fastapi\routing.py", line 216, in merged_lifespan
    async with original_context(app) as maybe_original_state:
  File "C:\Users\amana\AppData\Local\Programs\Python\Python311\Lib\contextlib.py", line 210, in __aenter__
    return await anext(self.gen)
           ^^^^^^^^^^^^^^^^^^^^^
  File "C:\Users\amana\AppData\Local\Programs\Python\Python311\Lib\site-packages\fastapi\routing.py", line 216, in merged_lifespan
    async with original_context(app) as maybe_original_state:
  File "C:\Users\amana\AppData\Local\Programs\Python\Python311\Lib\contextlib.py", line 210, in __aenter__
    return await anext(self.gen)
           ^^^^^^^^^^^^^^^^^^^^^
  File "C:\Users\amana\AppData\Local\Programs\Python\Python311\Lib\site-packages\fastapi\routing.py", line 216, in merged_lifespan
    async with original_context(app) as maybe_original_state:
  File "C:\Users\amana\AppData\Local\Programs\Python\Python311\Lib\contextlib.py", line 210, in __aenter__
    return await anext(self.gen)
           ^^^^^^^^^^^^^^^^^^^^^
  File "C:\Users\amana\AppData\Local\Programs\Python\Python311\Lib\site-packages\fastapi\routing.py", line 216, in merged_lifespan
    async with original_context(app) as maybe_original_state:
  File "C:\Users\amana\AppData\Local\Programs\Python\Python311\Lib\contextlib.py", line 210, in __aenter__
    return await anext(self.gen)
           ^^^^^^^^^^^^^^^^^^^^^
  File "C:\Users\amana\AppData\Local\Programs\Python\Python311\Lib\site-packages\fastapi\routing.py", line 216, in merged_lifespan
    async with original_context(app) as maybe_original_state:
  File "C:\Users\amana\AppData\Local\Programs\Python\Python311\Lib\contextlib.py", line 210, in __aenter__
    return await anext(self.gen)
           ^^^^^^^^^^^^^^^^^^^^^
  File "C:\Users\amana\AppData\Local\Programs\Python\Python311\Lib\site-packages\fastapi\routing.py", line 216, in merged_lifespan
    async with original_context(app) as maybe_original_state:
  File "C:\Users\amana\AppData\Local\Programs\Python\Python311\Lib\contextlib.py", line 210, in __aenter__
    return await anext(self.gen)
           ^^^^^^^^^^^^^^^^^^^^^
  File "C:\Users\amana\AppData\Local\Programs\Python\Python311\Lib\site-packages\fastapi\routing.py", line 216, in merged_lifespan
    async with original_context(app) as maybe_original_state:
  File "C:\Users\amana\AppData\Local\Programs\Python\Python311\Lib\contextlib.py", line 210, in __aenter__
    return await anext(self.gen)
           ^^^^^^^^^^^^^^^^^^^^^
  File "C:\Users\amana\AppData\Local\Programs\Python\Python311\Lib\site-packages\fastapi\routing.py", line 216, in merged_lifespan
    async with original_context(app) as maybe_original_state:
  File "C:\Users\amana\AppData\Local\Programs\Python\Python311\Lib\contextlib.py", line 210, in __aenter__
    return await anext(self.gen)
           ^^^^^^^^^^^^^^^^^^^^^
  File "C:\Users\amana\AppData\Local\Programs\Python\Python311\Lib\site-packages\fastapi\routing.py", line 216, in merged_lifespan
    async with original_context(app) as maybe_original_state:
  File "C:\Users\amana\AppData\Local\Programs\Python\Python311\Lib\contextlib.py", line 210, in __aenter__
    return await anext(self.gen)
           ^^^^^^^^^^^^^^^^^^^^^
  File "C:\Users\amana\AppData\Local\Programs\Python\Python311\Lib\site-packages\fastapi\routing.py", line 216, in merged_lifespan
    async with original_context(app) as maybe_original_state:
  File "C:\Users\amana\AppData\Local\Programs\Python\Python311\Lib\contextlib.py", line 210, in __aenter__
    return await anext(self.gen)
           ^^^^^^^^^^^^^^^^^^^^^
  File "C:\Users\amana\AppData\Local\Programs\Python\Python311\Lib\site-packages\fastapi\routing.py", line 216, in merged_lifespan
    async with original_context(app) as maybe_original_state:
  File "C:\Users\amana\AppData\Local\Programs\Python\Python311\Lib\contextlib.py", line 210, in __aenter__
    return await anext(self.gen)
           ^^^^^^^^^^^^^^^^^^^^^
  File "C:\Users\amana\AppData\Local\Programs\Python\Python311\Lib\site-packages\fastapi\routing.py", line 216, in merged_lifespan
    async with original_context(app) as maybe_original_state:
  File "C:\Users\amana\AppData\Local\Programs\Python\Python311\Lib\contextlib.py", line 210, in __aenter__
    return await anext(self.gen)
           ^^^^^^^^^^^^^^^^^^^^^
  File "C:\Users\amana\AppData\Local\Programs\Python\Python311\Lib\site-packages\fastapi\routing.py", line 216, in merged_lifespan
    async with original_context(app) as maybe_original_state:
  File "C:\Users\amana\AppData\Local\Programs\Python\Python311\Lib\contextlib.py", line 210, in __aenter__
    return await anext(self.gen)
           ^^^^^^^^^^^^^^^^^^^^^
  File "C:\Users\amana\AppData\Local\Programs\Python\Python311\Lib\site-packages\fastapi\routing.py", line 216, in merged_lifespan
    async with original_context(app) as maybe_original_state:
  File "C:\Users\amana\AppData\Local\Programs\Python\Python311\Lib\contextlib.py", line 210, in __aenter__
    return await anext(self.gen)
           ^^^^^^^^^^^^^^^^^^^^^
  File "C:\Users\amana\AppData\Local\Programs\Python\Python311\Lib\site-packages\fastapi\routing.py", line 216, in merged_lifespan
    async with original_context(app) as maybe_original_state:
  File "C:\Users\amana\AppData\Local\Programs\Python\Python311\Lib\contextlib.py", line 210, in __aenter__
    return await anext(self.gen)
           ^^^^^^^^^^^^^^^^^^^^^
  File "C:\Users\amana\AppData\Local\Programs\Python\Python311\Lib\site-packages\fastapi\routing.py", line 216, in merged_lifespan
    async with original_context(app) as maybe_original_state:
  File "C:\Users\amana\AppData\Local\Programs\Python\Python311\Lib\contextlib.py", line 210, in __aenter__
    return await anext(self.gen)
           ^^^^^^^^^^^^^^^^^^^^^
  File "C:\Users\amana\AppData\Local\Programs\Python\Python311\Lib\site-packages\fastapi\routing.py", line 216, in merged_lifespan
    async with original_context(app) as maybe_original_state:
  File "C:\Users\amana\AppData\Local\Programs\Python\Python311\Lib\contextlib.py", line 210, in __aenter__
    return await anext(self.gen)
           ^^^^^^^^^^^^^^^^^^^^^
  File "C:\Users\amana\AppData\Local\Programs\Python\Python311\Lib\site-packages\fastapi\routing.py", line 216, in merged_lifespan
    async with original_context(app) as maybe_original_state:
  File "C:\Users\amana\AppData\Local\Programs\Python\Python311\Lib\contextlib.py", line 210, in __aenter__
    return await anext(self.gen)
           ^^^^^^^^^^^^^^^^^^^^^
  File "C:\Users\amana\AppData\Local\Programs\Python\Python311\Lib\site-packages\fastapi\routing.py", line 216, in merged_lifespan
    async with original_context(app) as maybe_original_state:
  File "C:\Users\amana\AppData\Local\Programs\Python\Python311\Lib\contextlib.py", line 210, in __aenter__
    return await anext(self.gen)
           ^^^^^^^^^^^^^^^^^^^^^
  File "C:\Users\amana\AppData\Local\Programs\Python\Python311\Lib\site-packages\fastapi\routing.py", line 216, in merged_lifespan
    async with original_context(app) as maybe_original_state:
  File "C:\Users\amana\AppData\Local\Programs\Python\Python311\Lib\contextlib.py", line 210, in __aenter__
    return await anext(self.gen)
           ^^^^^^^^^^^^^^^^^^^^^
  File "C:\Users\amana\AppData\Local\Programs\Python\Python311\Lib\site-packages\fastapi\routing.py", line 216, in merged_lifespan
    async with original_context(app) as maybe_original_state:
  File "C:\Users\amana\AppData\Local\Programs\Python\Python311\Lib\contextlib.py", line 210, in __aenter__
    return await anext(self.gen)
           ^^^^^^^^^^^^^^^^^^^^^
  File "C:\Users\amana\AppData\Local\Programs\Python\Python311\Lib\site-packages\fastapi\routing.py", line 216, in merged_lifespan
    async with original_context(app) as maybe_original_state:
  File "C:\Users\amana\AppData\Local\Programs\Python\Python311\Lib\contextlib.py", line 210, in __aenter__
    return await anext(self.gen)
           ^^^^^^^^^^^^^^^^^^^^^
  File "C:\Users\amana\AppData\Local\Programs\Python\Python311\Lib\site-packages\fastapi\routing.py", line 216, in merged_lifespan
    async with original_context(app) as maybe_original_state:
  File "C:\Users\amana\AppData\Local\Programs\Python\Python311\Lib\contextlib.py", line 210, in __aenter__
    return await anext(self.gen)
           ^^^^^^^^^^^^^^^^^^^^^
  File "C:\Users\amana\AppData\Local\Programs\Python\Python311\Lib\site-packages\fastapi\routing.py", line 216, in merged_lifespan
    async with original_context(app) as maybe_original_state:
  File "C:\Users\amana\AppData\Local\Programs\Python\Python311\Lib\contextlib.py", line 210, in __aenter__
    return await anext(self.gen)
           ^^^^^^^^^^^^^^^^^^^^^
  File "C:\Users\amana\AppData\Local\Programs\Python\Python311\Lib\site-packages\fastapi\routing.py", line 216, in merged_lifespan
    async with original_context(app) as maybe_original_state:
  File "C:\Users\amana\AppData\Local\Programs\Python\Python311\Lib\contextlib.py", line 210, in __aenter__
    return await anext(self.gen)
           ^^^^^^^^^^^^^^^^^^^^^
  File "C:\Users\amana\AppData\Local\Programs\Python\Python311\Lib\site-packages\fastapi\routing.py", line 216, in merged_lifespan
    async with original_context(app) as maybe_original_state:
  File "C:\Users\amana\AppData\Local\Programs\Python\Python311\Lib\contextlib.py", line 210, in __aenter__
    return await anext(self.gen)
           ^^^^^^^^^^^^^^^^^^^^^
  File "C:\Users\amana\AppData\Local\Programs\Python\Python311\Lib\site-packages\fastapi\routing.py", line 216, in merged_lifespan
    async with original_context(app) as maybe_original_state:
  File "C:\Users\amana\AppData\Local\Programs\Python\Python311\Lib\contextlib.py", line 210, in __aenter__
    return await anext(self.gen)
           ^^^^^^^^^^^^^^^^^^^^^
  File "C:\Users\amana\AppData\Local\Programs\Python\Python311\Lib\site-packages\fastapi\routing.py", line 216, in merged_lifespan
    async with original_context(app) as maybe_original_state:
  File "C:\Users\amana\AppData\Local\Programs\Python\Python311\Lib\contextlib.py", line 210, in __aenter__
    return await anext(self.gen)
           ^^^^^^^^^^^^^^^^^^^^^
  File "C:\Users\amana\AppData\Local\Programs\Python\Python311\Lib\site-packages\fastapi\routing.py", line 216, in merged_lifespan
    async with original_context(app) as maybe_original_state:
  File "C:\Users\amana\AppData\Local\Programs\Python\Python311\Lib\contextlib.py", line 210, in __aenter__
    return await anext(self.gen)
           ^^^^^^^^^^^^^^^^^^^^^
  File "C:\Users\amana\AppData\Local\Programs\Python\Python311\Lib\site-packages\fastapi\routing.py", line 216, in merged_lifespan
    async with original_context(app) as maybe_original_state:
  File "C:\Users\amana\AppData\Local\Programs\Python\Python311\Lib\contextlib.py", line 210, in __aenter__
    return await anext(self.gen)
           ^^^^^^^^^^^^^^^^^^^^^
  File "C:\Users\amana\AppData\Local\Programs\Python\Python311\Lib\site-packages\letta\server\rest_api\app.py", line 231, in lifespan
    await server.init_async(init_with_default_org_and_user=not settings.no_default_actor)
  File "C:\Users\amana\AppData\Local\Programs\Python\Python311\Lib\site-packages\letta\server\server.py", line 369, in init_async
    self.default_org = await self.organization_manager.create_default_organization_async()
                       ^^^^^^^^^^^^^^^^^^^^^^^^^^^^^^^^^^^^^^^^^^^^^^^^^^^^^^^^^^^^^^^^^^^
  File "C:\Users\amana\AppData\Local\Programs\Python\Python311\Lib\site-packages\letta\otel\tracing.py", line 392, in async_wrapper
    return await func(*args, **kwargs)
           ^^^^^^^^^^^^^^^^^^^^^^^^^^^
  File "C:\Users\amana\AppData\Local\Programs\Python\Python311\Lib\site-packages\letta\services\organization_manager.py", line 51, in create_default_organization_async
    return await self.create_organization_async(PydanticOrganization(name=DEFAULT_ORG_NAME, id=DEFAULT_ORG_ID))
           ^^^^^^^^^^^^^^^^^^^^^^^^^^^^^^^^^^^^^^^^^^^^^^^^^^^^^^^^^^^^^^^^^^^^^^^^^^^^^^^^^^^^^^^^^^^^^^^^^^^^
  File "C:\Users\amana\AppData\Local\Programs\Python\Python311\Lib\site-packages\letta\otel\tracing.py", line 392, in async_wrapper
    return await func(*args, **kwargs)
           ^^^^^^^^^^^^^^^^^^^^^^^^^^^
  File "C:\Users\amana\AppData\Local\Programs\Python\Python311\Lib\site-packages\letta\services\organization_manager.py", line 34, in create_organization_async
    org = await self.get_organization_by_id_async(pydantic_org.id)
          ^^^^^^^^^^^^^^^^^^^^^^^^^^^^^^^^^^^^^^^^^^^^^^^^^^^^^^^^
  File "C:\Users\amana\AppData\Local\Programs\Python\Python311\Lib\site-packages\letta\otel\tracing.py", line 392, in async_wrapper
    return await func(*args, **kwargs)
           ^^^^^^^^^^^^^^^^^^^^^^^^^^^
  File "C:\Users\amana\AppData\Local\Programs\Python\Python311\Lib\site-packages\letta\services\organization_manager.py", line 25, in get_organization_by_id_async
    async with db_registry.async_session() as session:
  File "C:\Users\amana\AppData\Local\Programs\Python\Python311\Lib\contextlib.py", line 267, in __aexit__
    raise RuntimeError("generator didn't stop after athrow()")
RuntimeError: generator didn't stop after athrow()

ERROR:    Application startup failed. Exiting.
